04-09-2025 19:32:41 No se ha encontrado el archivo en la ruta especificada
04-09-2025 19:33:12 No se ha encontrado el archivo en la ruta especificada
04-09-2025 19:35:30 Se ha encontrado el archivo. Iniciando el flujo de perfilado con python...
04-09-2025 19:48:39 ERROR: No se ha encontrado el archivo en la ruta especificada.
04-09-2025 19:49:10 Se ha encontrado el archivo en la ruta especificada.
04-09-2025 19:49:10 ERROR: El archivo se encuentra vacío. No se puede iniciar el flujo de perfilado.
05-09-2025 14:56:04 Se ha encontrado el archivo en la ruta especificada.
05-09-2025 14:56:04 Iniciando el flujo de perfilado con python...
05-09-2025 14:57:41 Se ha encontrado el archivo en la ruta especificada.
05-09-2025 14:57:41 Iniciando el flujo de perfilado con python...
08-09-2025 18:01:58 Se ha encontrado el archivo en la ruta especificada.
08-09-2025 18:01:58 Iniciando el flujo de perfilado con python...
09-09-2025 13:27:11 Se ha encontrado el archivo en la ruta especificada.
09-09-2025 13:27:11 Iniciando el flujo de perfilado con python...
09-09-2025 20:01:17 Se ha encontrado el archivo en la ruta especificada.
09-09-2025 20:01:17 Iniciando el flujo de perfilado con python...
10-09-2025 13:59:28 Se ha encontrado el archivo en la ruta especificada.
10-09-2025 13:59:28 Iniciando el flujo de perfilado con python...
10-09-2025 14:08:25 Se ha encontrado el archivo en la ruta especificada.
10-09-2025 14:08:25 Iniciando el flujo de perfilado con python...
10-09-2025 16:31:43 Se ha encontrado el archivo en la ruta especificada.
10-09-2025 16:31:43 Iniciando el flujo de perfilado con python...
10-09-2025 17:01:03 Se ha encontrado el archivo en la ruta especificada.
10-09-2025 17:01:03 Iniciando el flujo de perfilado con python...
10-09-2025 17:07:00 Se ha encontrado el archivo en la ruta especificada.
10-09-2025 17:07:00 Iniciando el flujo de perfilado con python...
10-09-2025 17:50:04 Se ha encontrado el archivo en la ruta especificada.
10-09-2025 17:50:04 Iniciando el flujo de perfilado con python...
10-09-2025 17:55:04 Se ha encontrado el archivo en la ruta especificada.
10-09-2025 17:55:04 Iniciando el flujo de perfilado con python...
10-09-2025 17:58:05 Se ha encontrado el archivo en la ruta especificada.
10-09-2025 17:58:05 Iniciando el flujo de perfilado con python...
10-09-2025 18:02:04 ERROR: No se ha encontrado el archivo en la ruta especificada.
10-09-2025 18:04:05 Se ha encontrado el archivo en la ruta especificada.
10-09-2025 18:04:05 Iniciando el flujo de perfilado con python...
